06/10/2013 04:33:39 - New match 1 has started
06/10/2013 05:01:39 - Amanda killed Pedro using Cácu Vrídrú
06/10/2013 06:29:39 - <WORLD> killed Pedro using Cácu Vrídrú
06/10/2013 07:33:39 - <WORLD> killed Jhon using Cácu Vrídrú
06/10/2013 07:40:39 - Amanda killed <WORLD> using Faca
06/10/2013 08:29:39 - <WORLD> killed Jhon using Faca
06/10/2013 09:59:39 - <WORLD> killed Jhon using Cácu Vrídrú
06/10/2013 11:27:39 - <WORLD> killed Jhon using Prédrá
07/10/2013 12:05:39 - Jhon killed Amanda using Faca
07/10/2013 12:19:39 - Amanda killed Pedro using M16
07/10/2013 01:32:39 - Jhon killed Amanda using Faca
07/10/2013 03:27:39 - Amanda killed Jessica using Faca
07/10/2013 05:06:39 - Amanda killed <WORLD> using Gilete de gay
07/10/2013 06:19:39 - Jhon killed Jessica using M16
07/10/2013 07:10:39 - Pedro killed Jhon using Cácu Vrídrú
07/10/2013 07:23:39 - Jhon killed Amanda using Gilete de gay
07/10/2013 07:49:39 - Jessica killed Pedro using Gilete de gay
07/10/2013 09:02:39 - Pedro killed <WORLD> using Cácu Vrídrú
07/10/2013 09:41:39 - Pedro killed Jhon using M16
07/10/2013 11:25:39 - Pedro killed Jhon using Faca
07/10/2013 12:01:39 - Jhon killed Amanda using Cácu Vrídrú
07/10/2013 02:00:39 - Jessica killed Pedro using Prédrá
07/10/2013 02:56:39 - Pedro killed Jessica using Cácu Vrídrú
07/10/2013 03:39:39 - Jhon killed <WORLD> using Prédrá
07/10/2013 03:52:39 - Jessica killed Pedro using M16
07/10/2013 05:30:39 - Jhon killed Pedro using Gilete de gay
07/10/2013 07:08:39 - Pedro killed <WORLD> using Faca
07/10/2013 08:36:39 - Jhon killed Jessica using M16
07/10/2013 10:09:39 - Jhon killed Jessica using Gilete de gay
07/10/2013 10:37:39 - Amanda killed Pedro using Faca
07/10/2013 10:38:39 - <WORLD> killed Jhon using Prédrá
08/10/2013 12:28:39 - Amanda killed Jhon using Gilete de gay
08/10/2013 02:10:39 - Jessica killed Jhon using Gilete de gay
08/10/2013 02:53:39 - Amanda killed Jessica using Cácu Vrídrú
08/10/2013 03:16:39 - Jessica killed <WORLD> using Cácu Vrídrú
08/10/2013 04:23:39 - Amanda killed Jhon using M16
08/10/2013 06:19:39 - Pedro killed <WORLD> using Cácu Vrídrú
08/10/2013 07:20:39 - <WORLD> killed Jessica using M16
08/10/2013 07:50:39 - <WORLD> killed Pedro using Gilete de gay
08/10/2013 08:54:39 - Jhon killed <WORLD> using Gilete de gay
08/10/2013 10:17:39 - <WORLD> killed Jhon using Prédrá
08/10/2013 11:08:39 - Jhon killed <WORLD> using Gilete de gay
08/10/2013 01:05:39 - Amanda killed <WORLD> using Faca
08/10/2013 01:08:39 - Jessica killed Pedro using Prédrá
08/10/2013 01:49:39 - Jhon killed Amanda using M16
08/10/2013 02:57:39 - Jhon killed Amanda using Gilete de gay
08/10/2013 04:04:39 - Jessica killed Jhon using M16
08/10/2013 04:15:39 - Amanda killed Jhon using Gilete de gay
08/10/2013 05:16:39 - Jessica killed Amanda using Gilete de gay
08/10/2013 06:51:39 - Jessica killed <WORLD> using Prédrá
08/10/2013 08:35:39 - <WORLD> killed Jessica using Prédrá
08/10/2013 09:31:39 - Amanda killed Pedro using Gilete de gay
08/10/2013 10:03:39 - Amanda killed <WORLD> using Faca
08/10/2013 10:21:39 - Pedro killed <WORLD> using Cácu Vrídrú
08/10/2013 10:21:39 - <WORLD> killed Amanda using Prédrá
08/10/2013 11:37:39 - Jhon killed Pedro using M16
09/10/2013 12:41:39 - Pedro killed <WORLD> using Gilete de gay
09/10/2013 01:59:39 - Jessica killed Jhon using Prédrá
09/10/2013 03:26:39 - Jhon killed Amanda using M16
09/10/2013 04:14:39 - <WORLD> killed Jessica using Prédrá
09/10/2013 06:08:39 - <WORLD> killed Pedro using Faca
09/10/2013 06:31:39 - Amanda killed Jessica using M16
09/10/2013 08:25:39 - Jessica killed Pedro using Faca
09/10/2013 10:06:39 - Jhon killed Jessica using Prédrá
09/10/2013 11:19:39 - Jhon killed Amanda using Prédrá
09/10/2013 11:28:39 - <WORLD> killed Pedro using Gilete de gay
09/10/2013 01:14:39 - Amanda killed Jhon using M16
09/10/2013 02:13:39 - <WORLD> killed Jessica using Gilete de gay
09/10/2013 03:09:39 - Amanda killed Jhon using Prédrá
09/10/2013 03:56:39 - Jessica killed <WORLD> using Cácu Vrídrú
09/10/2013 04:49:39 - Jessica killed Amanda using Cácu Vrídrú
09/10/2013 04:57:39 - Pedro killed <WORLD> using Cácu Vrídrú
09/10/2013 05:33:39 - Jhon killed Amanda using Faca
09/10/2013 06:07:39 - <WORLD> killed Pedro using Prédrá
09/10/2013 07:45:39 - <WORLD> killed Jessica using Gilete de gay
09/10/2013 09:02:39 - Jhon killed Pedro using M16
09/10/2013 09:04:39 - Pedro killed Jhon using M16
09/10/2013 09:10:39 - <WORLD> killed Jhon using Faca
09/10/2013 10:50:39 - <WORLD> killed Amanda using Cácu Vrídrú
10/10/2013 12:31:39 - Jhon killed Pedro using Gilete de gay
10/10/2013 01:39:39 - Jhon killed Pedro using Faca
10/10/2013 03:29:39 - Jhon killed Amanda using Gilete de gay
10/10/2013 03:38:39 - <WORLD> killed Jessica using Prédrá
10/10/2013 05:25:39 - <WORLD> killed Pedro using Gilete de gay
10/10/2013 07:20:39 - Jhon killed Jessica using Faca
10/10/2013 08:17:39 - Jessica killed Pedro using Cácu Vrídrú
10/10/2013 08:33:39 - Amanda killed Pedro using Gilete de gay
10/10/2013 09:18:39 - Jhon killed <WORLD> using Cácu Vrídrú
10/10/2013 09:19:39 - Jhon killed Jessica using Cácu Vrídrú
10/10/2013 11:13:39 - Jhon killed <WORLD> using M16
10/10/2013 01:09:39 - Jessica killed Pedro using Cácu Vrídrú
10/10/2013 01:53:39 - Jhon killed <WORLD> using M16
10/10/2013 02:11:39 - Jessica killed Jhon using Cácu Vrídrú
10/10/2013 03:56:39 - <WORLD> killed Pedro using Prédrá
10/10/2013 05:17:39 - <WORLD> killed Amanda using Cácu Vrídrú
10/10/2013 06:52:39 - Amanda killed Jessica using Faca
10/10/2013 08:11:39 - Jhon killed Jessica using Cácu Vrídrú
10/10/2013 08:17:39 - Pedro killed Amanda using M16
10/10/2013 08:42:39 - Jhon killed Jessica using M16
10/10/2013 08:44:39 - Pedro killed Amanda using Gilete de gay
10/10/2013 09:39:39 - Pedro killed Amanda using Prédrá
10/10/2013 10:30:39 - Match 1 has ended